Determining if the Q_WS_WIN exist failed with the following output:
Change Dir: /home/jorge/robocomp/components/afuentesjmontero/controller/src/CMakeFiles/CMakeTmp

Run Build Command:"/usr/bin/make" "cmTC_9e40c/fast"
/usr/bin/make -f CMakeFiles/cmTC_9e40c.dir/build.make CMakeFiles/cmTC_9e40c.dir/build
make[1]: se entra en el directorio '/home/jorge/robocomp/components/afuentesjmontero/controller/src/CMakeFiles/CMakeTmp'
Building CXX object CMakeFiles/cmTC_9e40c.dir/CheckSymbolExists.cxx.o
/usr/bin/c++    -I/usr/include/qt4   -o CMakeFiles/cmTC_9e40c.dir/CheckSymbolExists.cxx.o -c /home/jorge/robocomp/components/afuentesjmontero/controller/src/CMakeFiles/CMakeTmp/CheckSymbolExists.cxx
/home/jorge/robocomp/components/afuentesjmontero/controller/src/CMakeFiles/CMakeTmp/CheckSymbolExists.cxx: In function ‘int main(int, char**)’:
/home/jorge/robocomp/components/afuentesjmontero/controller/src/CMakeFiles/CMakeTmp/CheckSymbolExists.cxx:8:19: error: ‘Q_WS_WIN’ was not declared in this scope
   return ((int*)(&Q_WS_WIN))[argc];
                   ^
CMakeFiles/cmTC_9e40c.dir/build.make:65: fallo en las instrucciones para el objetivo 'CMakeFiles/cmTC_9e40c.dir/CheckSymbolExists.cxx.o'
make[1]: *** [CMakeFiles/cmTC_9e40c.dir/CheckSymbolExists.cxx.o] Error 1
make[1]: se sale del directorio '/home/jorge/robocomp/components/afuentesjmontero/controller/src/CMakeFiles/CMakeTmp'
Makefile:126: fallo en las instrucciones para el objetivo 'cmTC_9e40c/fast'
make: *** [cmTC_9e40c/fast] Error 2

File /home/jorge/robocomp/components/afuentesjmontero/controller/src/CMakeFiles/CMakeTmp/CheckSymbolExists.cxx:
/* */
#include <QtCore/qglobal.h>

int main(int argc, char** argv)
{
  (void)argv;
#ifndef Q_WS_WIN
  return ((int*)(&Q_WS_WIN))[argc];
#else
  (void)argc;
  return 0;
#endif
}

Determining if the Q_WS_QWS exist failed with the following output:
Change Dir: /home/jorge/robocomp/components/afuentesjmontero/controller/src/CMakeFiles/CMakeTmp

Run Build Command:"/usr/bin/make" "cmTC_9826f/fast"
/usr/bin/make -f CMakeFiles/cmTC_9826f.dir/build.make CMakeFiles/cmTC_9826f.dir/build
make[1]: se entra en el directorio '/home/jorge/robocomp/components/afuentesjmontero/controller/src/CMakeFiles/CMakeTmp'
Building CXX object CMakeFiles/cmTC_9826f.dir/CheckSymbolExists.cxx.o
/usr/bin/c++    -I/usr/include/qt4   -o CMakeFiles/cmTC_9826f.dir/CheckSymbolExists.cxx.o -c /home/jorge/robocomp/components/afuentesjmontero/controller/src/CMakeFiles/CMakeTmp/CheckSymbolExists.cxx
/home/jorge/robocomp/components/afuentesjmontero/controller/src/CMakeFiles/CMakeTmp/CheckSymbolExists.cxx: In function ‘int main(int, char**)’:
/home/jorge/robocomp/components/afuentesjmontero/controller/src/CMakeFiles/CMakeTmp/CheckSymbolExists.cxx:8:19: error: ‘Q_WS_QWS’ was not declared in this scope
   return ((int*)(&Q_WS_QWS))[argc];
                   ^
CMakeFiles/cmTC_9826f.dir/build.make:65: fallo en las instrucciones para el objetivo 'CMakeFiles/cmTC_9826f.dir/CheckSymbolExists.cxx.o'
make[1]: *** [CMakeFiles/cmTC_9826f.dir/CheckSymbolExists.cxx.o] Error 1
make[1]: se sale del directorio '/home/jorge/robocomp/components/afuentesjmontero/controller/src/CMakeFiles/CMakeTmp'
Makefile:126: fallo en las instrucciones para el objetivo 'cmTC_9826f/fast'
make: *** [cmTC_9826f/fast] Error 2

File /home/jorge/robocomp/components/afuentesjmontero/controller/src/CMakeFiles/CMakeTmp/CheckSymbolExists.cxx:
/* */
#include <QtCore/qglobal.h>

int main(int argc, char** argv)
{
  (void)argv;
#ifndef Q_WS_QWS
  return ((int*)(&Q_WS_QWS))[argc];
#else
  (void)argc;
  return 0;
#endif
}

Determining if the Q_WS_MAC exist failed with the following output:
Change Dir: /home/jorge/robocomp/components/afuentesjmontero/controller/src/CMakeFiles/CMakeTmp

Run Build Command:"/usr/bin/make" "cmTC_a1631/fast"
/usr/bin/make -f CMakeFiles/cmTC_a1631.dir/build.make CMakeFiles/cmTC_a1631.dir/build
make[1]: se entra en el directorio '/home/jorge/robocomp/components/afuentesjmontero/controller/src/CMakeFiles/CMakeTmp'
Building CXX object CMakeFiles/cmTC_a1631.dir/CheckSymbolExists.cxx.o
/usr/bin/c++    -I/usr/include/qt4   -o CMakeFiles/cmTC_a1631.dir/CheckSymbolExists.cxx.o -c /home/jorge/robocomp/components/afuentesjmontero/controller/src/CMakeFiles/CMakeTmp/CheckSymbolExists.cxx
/home/jorge/robocomp/components/afuentesjmontero/controller/src/CMakeFiles/CMakeTmp/CheckSymbolExists.cxx: In function ‘int main(int, char**)’:
/home/jorge/robocomp/components/afuentesjmontero/controller/src/CMakeFiles/CMakeTmp/CheckSymbolExists.cxx:8:19: error: ‘Q_WS_MAC’ was not declared in this scope
   return ((int*)(&Q_WS_MAC))[argc];
                   ^
CMakeFiles/cmTC_a1631.dir/build.make:65: fallo en las instrucciones para el objetivo 'CMakeFiles/cmTC_a1631.dir/CheckSymbolExists.cxx.o'
make[1]: *** [CMakeFiles/cmTC_a1631.dir/CheckSymbolExists.cxx.o] Error 1
make[1]: se sale del directorio '/home/jorge/robocomp/components/afuentesjmontero/controller/src/CMakeFiles/CMakeTmp'
Makefile:126: fallo en las instrucciones para el objetivo 'cmTC_a1631/fast'
make: *** [cmTC_a1631/fast] Error 2

File /home/jorge/robocomp/components/afuentesjmontero/controller/src/CMakeFiles/CMakeTmp/CheckSymbolExists.cxx:
/* */
#include <QtCore/qglobal.h>

int main(int argc, char** argv)
{
  (void)argv;
#ifndef Q_WS_MAC
  return ((int*)(&Q_WS_MAC))[argc];
#else
  (void)argc;
  return 0;
#endif
}

